This is pdfeTeX, Version 3.141592-1.21a-2.2 (Web2C 7.5.4) (format=latex 2012.11.26)  28 MAY 2013 14:15
entering extended mode
**dissertation.tex
(./dissertation.tex
LaTeX2e <2003/12/01>
Babel <v3.8d> and hyphenation patterns for american, french, german, ngerman, b
ahasa, basque, bulgarian, catalan, croatian, czech, danish, dutch, esperanto, e
stonian, finnish, greek, icelandic, irish, italian, latin, magyar, norsk, polis
h, portuges, romanian, russian, serbian, slovak, slovene, spanish, swedish, tur
kish, ukrainian, nohyphenation, loaded.
(./uclathes.cls
Document Class: uclathes 1995/05/11, 1.0
LaTeX2e port copyright (C) 1995 by John Heidemann.
Copyright (C) 1988 by Richard B. Wales, copyright (C) 1985 by Leslie Lamport.
Please send bug reports and graduation notices to <johnh@ficus.cs.ucla.edu>.
(/usr/share/texmf/tex/latex/base/ifthen.sty
Package: ifthen 2001/05/26 v1.1c Standard LaTeX ifthen package (DPC)
) (./uclathma.clo
File: uclathma 1995/08/25, 1.0 beta
) (./uclath12.clo
File: uclath12.clo 1995/05/11, 1.0 beta
)
\descriptionmargin=\dimen102
\c@part=\count79
\c@chapter=\count80
\c@section=\count81
\c@subsection=\count82
\c@subsubsection=\count83
\c@paragraph=\count84
\c@subparagraph=\count85
\c@figure=\count86
\c@table=\count87

(./uclathti.clo
File: uclathti 1995/05/11, 1.0 beta
\c@chairs=\count88
\c@members=\count89
\c@vitaitems=\count90
\c@publications=\count91
)) (/usr/share/texmf/tex/latex/amsmath/amsmath.sty
Package: amsmath 2000/07/18 v2.13 AMS math features
\@mathmargin=\skip41

For additional information on amsmath, use the `?' option.
(/usr/share/texmf/tex/latex/amsmath/amstext.sty
Package: amstext 2000/06/29 v2.01

(/usr/share/texmf/tex/latex/amsmath/amsgen.sty
File: amsgen.sty 1999/11/30 v2.0
\@emptytoks=\toks14
\ex@=\dimen103
))
(/usr/share/texmf/tex/latex/amsmath/amsbsy.sty
Package: amsbsy 1999/11/29 v1.2d
\pmbraise@=\dimen104
)
(/usr/share/texmf/tex/latex/amsmath/amsopn.sty
Package: amsopn 1999/12/14 v2.01 operator names
)
\inf@bad=\count92
LaTeX Info: Redefining \frac on input line 211.
\uproot@=\count93
\leftroot@=\count94
LaTeX Info: Redefining \overline on input line 307.
\classnum@=\count95
\DOTSCASE@=\count96
LaTeX Info: Redefining \ldots on input line 379.
LaTeX Info: Redefining \dots on input line 382.
LaTeX Info: Redefining \cdots on input line 467.
\Mathstrutbox@=\box26
\strutbox@=\box27
\big@size=\dimen105
LaTeX Font Info:    Redeclaring font encoding OML on input line 567.
LaTeX Font Info:    Redeclaring font encoding OMS on input line 568.
\macc@depth=\count97
\c@MaxMatrixCols=\count98
\dotsspace@=\muskip10
\c@parentequation=\count99
\dspbrk@lvl=\count100
\tag@help=\toks15
\row@=\count101
\column@=\count102
\maxfields@=\count103
\andhelp@=\toks16
\eqnshift@=\dimen106
\alignsep@=\dimen107
\tagshift@=\dimen108
\tagwidth@=\dimen109
\totwidth@=\dimen110
\lineht@=\dimen111
\@envbody=\toks17
\multlinegap=\skip42
\multlinetaggap=\skip43
\mathdisplay@stack=\toks18
LaTeX Info: Redefining \[ on input line 2666.
LaTeX Info: Redefining \] on input line 2667.
)
(/usr/share/texmf/tex/latex/amsfonts/amssymb.sty
Package: amssymb 2002/01/22 v2.2d

(/usr/share/texmf/tex/latex/amsfonts/amsfonts.sty
Package: amsfonts 2001/10/25 v2.2f
\symAMSa=\mathgroup4
\symAMSb=\mathgroup5
LaTeX Font Info:    Overwriting math alphabet `\mathfrak' in version `bold'
(Font)                  U/euf/m/n --> U/euf/b/n on input line 132.
))
(/usr/share/texmf/tex/latex/hyperref/hyperref.sty
Package: hyperref 2003/11/30 v6.74m Hypertext links for LaTeX

(/usr/share/texmf/tex/latex/graphics/keyval.sty
Package: keyval 1999/03/16 v1.13 key=value parser (DPC)
\KV@toks@=\toks19
)
\@linkdim=\dimen112
\Hy@linkcounter=\count104
\Hy@pagecounter=\count105

(/usr/share/texmf/tex/latex/hyperref/pd1enc.def
File: pd1enc.def 2003/11/30 v6.74m Hyperref: PDFDocEncoding definition (HO)
)
(/usr/share/texmf/tex/latex/hyperref/hyperref.cfg
File: hyperref.cfg 2002/06/06 v1.2 hyperref configuration of TeXLive and teTeX
)
Package hyperref Info: Hyper figures OFF on input line 1880.
Package hyperref Info: Link nesting OFF on input line 1885.
Package hyperref Info: Hyper index ON on input line 1888.
Package hyperref Info: Plain pages ON on input line 1893.
Package hyperref Info: Backreferencing OFF on input line 1900.

Implicit mode ON; LaTeX internals redefined
Package hyperref Info: Bookmarks ON on input line 2004.
(/usr/share/texmf/tex/latex/url/url.sty
\Urlmuskip=\muskip11
Package: url 2004/03/15  ver 3.1  Verb mode for urls, etc.
)
LaTeX Info: Redefining \url on input line 2143.
\Fld@menulength=\count106
\Field@Width=\dimen113
\Fld@charsize=\dimen114
\Choice@toks=\toks20
\Field@toks=\toks21
Package hyperref Info: Hyper figures OFF on input line 2618.
Package hyperref Info: Link nesting OFF on input line 2623.
Package hyperref Info: Hyper index ON on input line 2626.
Package hyperref Info: backreferencing OFF on input line 2633.
Package hyperref Info: Link coloring OFF on input line 2638.
\c@Item=\count107
\c@Hfootnote=\count108
)
*hyperref using default driver hpdftex*
(/usr/share/texmf/tex/latex/hyperref/hpdftex.def
File: hpdftex.def 2003/11/30 v6.74m Hyperref driver for pdfTeX

(/usr/share/texmf/tex/latex/psnfss/pifont.sty
Package: pifont 2004/09/15 PSNFSS-v9.2 Pi font support (SPQR) 
LaTeX Font Info:    Try loading font information for U+pzd on input line 63.

(/usr/share/texmf/tex/latex/psnfss/upzd.fd
File: upzd.fd 2001/06/04 font definitions for U/pzd.
)
LaTeX Font Info:    Try loading font information for U+psy on input line 64.

(/usr/share/texmf/tex/latex/psnfss/upsy.fd
File: upsy.fd 2001/06/04 font definitions for U/psy.
))
\Fld@listcount=\count109
\@outlinefile=\write3
)
(/usr/share/texmf/tex/latex/graphics/graphicx.sty
Package: graphicx 1999/02/16 v1.0f Enhanced LaTeX Graphics (DPC,SPQR)

(/usr/share/texmf/tex/latex/graphics/graphics.sty
Package: graphics 2001/07/07 v1.0n Standard LaTeX Graphics (DPC,SPQR)

(/usr/share/texmf/tex/latex/graphics/trig.sty
Package: trig 1999/03/16 v1.09 sin cos tan (DPC)
)
(/usr/share/texmf/tex/latex/graphics/graphics.cfg
File: graphics.cfg 2005/02/03 v1.3 graphics configuration of teTeX/TeXLive
)
Package graphics Info: Driver file: pdftex.def on input line 80.

(/usr/share/texmf/tex/latex/graphics/pdftex.def
File: pdftex.def 2002/06/19 v0.03k graphics/color for pdftex
\Gread@gobject=\count110
))
\Gin@req@height=\dimen115
\Gin@req@width=\dimen116
)
(/usr/share/texmf/tex/latex/tools/multicol.sty
Package: multicol 2004/02/14 v1.6e multicolumn formatting (FMi)
\c@tracingmulticols=\count111
\mult@box=\box28
\multicol@leftmargin=\dimen117
\c@unbalance=\count112
\c@collectmore=\count113
\doublecol@number=\count114
\multicoltolerance=\count115
\multicolpretolerance=\count116
\full@width=\dimen118
\page@free=\dimen119
\premulticols=\dimen120
\postmulticols=\dimen121
\multicolsep=\skip44
\multicolbaselineskip=\skip45
\partial@page=\box29
\last@line=\box30
\mult@rightbox=\box31
\mult@grightbox=\box32
\mult@gfirstbox=\box33
\mult@firstbox=\box34
\@tempa=\box35
\@tempa=\box36
\@tempa=\box37
\@tempa=\box38
\@tempa=\box39
\@tempa=\box40
\@tempa=\box41
\@tempa=\box42
\@tempa=\box43
\@tempa=\box44
\@tempa=\box45
\@tempa=\box46
\@tempa=\box47
\@tempa=\box48
\@tempa=\box49
\@tempa=\box50
\@tempa=\box51
\c@columnbadness=\count117
\c@finalcolumnbadness=\count118
\last@try=\dimen122
\multicolovershoot=\dimen123
\multicolundershoot=\dimen124
\mult@nat@firstbox=\box52
\colbreak@box=\box53
)
(/usr/share/texmf/tex/latex/multirow/multirow.sty
\bigstrutjot=\dimen125
)
(/usr/share/texmf/tex/latex/base/oldlfont.sty
Package: oldlfont 1994/11/29 v2.2k Standard LaTeX package

(/usr/share/texmf/tex/latex/base/tracefnt.sty
Package: tracefnt 1997/05/29 v3.0j Standard LaTeX package (font tracing)
\tracingfonts=\count119
LaTeX Info: Redefining \selectfont on input line 101.
)
\symbold=\mathgroup6
\symsans=\mathgroup7
\symtypewriter=\mathgroup8
\symitalic=\mathgroup9
\symsmallcaps=\mathgroup10
\symslanted=\mathgroup11
LaTeX Font Info:    Redeclaring math alphabet \mathbf on input line 71.
LaTeX Font Info:    Redeclaring math alphabet \mathsf on input line 72.
LaTeX Font Info:    Redeclaring math alphabet \mathtt on input line 73.
LaTeX Font Info:    Redeclaring math alphabet \mathit on input line 79.
LaTeX Info: Redefining \em on input line 89.

(/usr/share/texmf/tex/latex/base/latexsym.sty
Package: latexsym 1998/08/17 v2.2e Standard LaTeX package (lasy symbols)
\symlasy=\mathgroup12
LaTeX Font Info:    Overwriting symbol font `lasy' in version `bold'
(Font)                  U/lasy/m/n --> U/lasy/b/n on input line 47.
))
(/usr/share/texmf/tex/latex/tools/longtable.sty
Package: longtable 2004/02/01 v4.11 Multi-page Table package (DPC)
\LTleft=\skip46
\LTright=\skip47
\LTpre=\skip48
\LTpost=\skip49
\LTchunksize=\count120
\LTcapwidth=\dimen126
\LT@head=\box54
\LT@firsthead=\box55
\LT@foot=\box56
\LT@lastfoot=\box57
\LT@cols=\count121
\LT@rows=\count122
\c@LT@tables=\count123
\c@LT@chunks=\count124
\LT@p@ftn=\toks22
) (./dissertation.aux)
\openout1 = `dissertation.aux'.

LaTeX Font Info:    Checking defaults for OML/cmm/m/it on input line 133.
LaTeX Font Info:    ... okay on input line 133.
LaTeX Font Info:    Checking defaults for T1/cmr/m/n on input line 133.
LaTeX Font Info:    ... okay on input line 133.
LaTeX Font Info:    Checking defaults for OT1/cmr/m/n on input line 133.
LaTeX Font Info:    ... okay on input line 133.
LaTeX Font Info:    Checking defaults for OMS/cmsy/m/n on input line 133.
LaTeX Font Info:    ... okay on input line 133.
LaTeX Font Info:    Checking defaults for OMX/cmex/m/n on input line 133.
LaTeX Font Info:    ... okay on input line 133.
LaTeX Font Info:    Checking defaults for U/cmr/m/n on input line 133.
LaTeX Font Info:    ... okay on input line 133.
LaTeX Font Info:    Checking defaults for PD1/pdf/m/n on input line 133.
LaTeX Font Info:    ... okay on input line 133.
Package hyperref Info: Link coloring OFF on input line 133.

(/usr/share/texmf/tex/latex/hyperref/nameref.sty
Package: nameref 2003/12/03 v2.21 Cross-referencing by name of section
\c@section@level=\count125
)
LaTeX Info: Redefining \ref on input line 133.
LaTeX Info: Redefining \pageref on input line 133.
 (./dissertation.out)
(./dissertation.out)
\openout3 = `dissertation.out'.

 (/usr/share/texmf/tex/context/base/supp-pdf.tex
(/usr/share/texmf/tex/context/base/supp-mis.tex
loading : Context Support Macros / Miscellaneous (2004.10.26)
\protectiondepth=\count126
\scratchcounter=\count127
\scratchtoks=\toks23
\scratchdimen=\dimen127
\scratchskip=\skip50
\scratchmuskip=\muskip12
\scratchbox=\box58
\scratchread=\read1
\scratchwrite=\write4
\zeropoint=\dimen128
\onepoint=\dimen129
\onebasepoint=\dimen130
\minusone=\count128
\thousandpoint=\dimen131
\onerealpoint=\dimen132
\emptytoks=\toks24
\nextbox=\box59
\nextdepth=\dimen133
\everyline=\toks25
\!!counta=\count129
\!!countb=\count130
\recursecounter=\count131
)
loading : Context Support Macros / PDF (2004.03.26)
\nofMPsegments=\count132
\nofMParguments=\count133
\MPscratchCnt=\count134
\MPscratchDim=\dimen134
\MPnumerator=\count135
\everyMPtoPDFconversion=\toks26
) [0


{/usr/share/texmf-var/fonts/map/pdftex/updmap/pdftex.map}]
LaTeX Font Info:    Try loading font information for OMS+cmr on input line 135.


(/usr/share/texmf/tex/latex/base/omscmr.fd
File: omscmr.fd 1999/05/25 v2.5h Standard LaTeX font definitions
)
LaTeX Font Info:    Font shape `OMS/cmr/m/n' in size <12> not available
(Font)              Font shape `OMS/cmsy/m/n' tried instead on input line 135.
 [1

] [2

] [3

] (./dissertation.toc
LaTeX Font Info:    Try loading font information for U+msa on input line 1.

(/usr/share/texmf/tex/latex/amsfonts/umsa.fd
File: umsa.fd 2002/01/19 v2.2g AMS font definitions
)
LaTeX Font Info:    Try loading font information for U+msb on input line 1.

(/usr/share/texmf/tex/latex/amsfonts/umsb.fd
File: umsb.fd 2002/01/19 v2.2g AMS font definitions
)
LaTeX Font Info:    Try loading font information for U+lasy on input line 1.

(/usr/share/texmf/tex/latex/base/ulasy.fd
File: ulasy.fd 1998/08/17 v2.2e LaTeX symbol font definitions
) [4

])
\tf@toc=\write5
\openout5 = `dissertation.toc'.

 [5] (./dissertation.lof
[6

] [7]
Overfull \hbox (6.59227pt too wide) in paragraph at lines 32--32
 \OT1/cmr/m/n/12 tracker hits, and num-ber of $\OML/cmm/m/it/12 dE=dx$ \OT1/cmr
/m/n/12 mea-sure-ments in the \OT1/cmr/m/it/12 muon+track 
 []

[8] [9] [10])
\tf@lof=\write6
\openout6 = `dissertation.lof'.

 [11] (./dissertation.lot [12

])
\tf@lot=\write7
\openout7 = `dissertation.lot'.

 [13] [14]
Underfull \hbox (badness 10000) in paragraph at lines 135--135

 []

[15

] [16

] (./introduction.tex
CHAPTER 1.
! pdfTeX warning (ext4): destination with the same identifier (name{page.1}) ha
s been already used, duplicate ignored
<to be read again> 
                   \penalty 
l.27 
      [1

]
! pdfTeX warning (ext4): destination with the same identifier (name{page.2}) ha
s been already used, duplicate ignored
<to be read again> 
                   \penalty 
l.49 
      [2])
! pdfTeX warning (ext4): destination with the same identifier (name{page.3}) ha
s been already used, duplicate ignored
<to be read again> 
                   \penalty 
l.141 
       [3] (./theory.tex
! pdfTeX warning (ext4): destination with the same identifier (name{page.4}) ha
s been already used, duplicate ignored
<to be read again> 
                   \penalty 
l.1 \chapter
            {Relevant Theoretical Issues \label{sec:theory}} [4]
CHAPTER 2.
! pdfTeX warning (ext4): destination with the same identifier (name{page.5}) ha
s been already used, duplicate ignored
<to be read again> 
                   \penalty 
l.29 
      [5

]
! pdfTeX warning (ext4): destination with the same identifier (name{page.6}) ha
s been already used, duplicate ignored
<to be read again> 
                   \penalty 
l.65 
      [6]
! pdfTeX warning (ext4): destination with the same identifier (name{page.7}) ha
s been already used, duplicate ignored
<to be read again> 
                   \penalty 
l.82 
      [7]
Overfull \hbox (3.87636pt too wide) in paragraph at lines 84--92
\OT1/cmr/m/n/12 stantly be-ing bom-barded with high-momentum pro-tons from as-t
ro-nom-i-cal sources.
 []

! pdfTeX warning (ext4): destination with the same identifier (name{page.8}) ha
s been already used, duplicate ignored
<to be read again> 
                   \penalty 
l.104 
       [8]
! pdfTeX warning (ext4): destination with the same identifier (name{page.9}) ha
s been already used, duplicate ignored
<to be read again> 
                   \penalty 
l.126 
       [9]
! pdfTeX warning (ext4): destination with the same identifier (name{page.10}) h
as been already used, duplicate ignored
<to be read again> 
                   \penalty 
l.142 
       [10]
! pdfTeX warning (ext4): destination with the same identifier (name{page.11}) h
as been already used, duplicate ignored
<to be read again> 
                   \penalty 
l.213 
       [11]) (./apparatus.tex
! pdfTeX warning (ext4): destination with the same identifier (name{page.12}) h
as been already used, duplicate ignored
<to be read again> 
                   \penalty 
l.1 \chapter
            {Experimental Apparatus \label{sec:app}} [12]
CHAPTER 3.
! pdfTeX warning (ext4): destination with the same identifier (name{page.13}) h
as been already used, duplicate ignored
<to be read again> 
                   \penalty 
l.18 
      [13

]
! pdfTeX warning (ext4): destination with the same identifier (name{page.14}) h
as been already used, duplicate ignored
<to be read again> 
                   \penalty 
l.45 
      [14]
! pdfTeX warning (ext4): destination with the same identifier (name{page.15}) h
as been already used, duplicate ignored
<to be read again> 
                   \penalty 
l.74 
      [15]
<figures/apparatus/CMS_LongView_noME42.pdf, id=604, 656.03395pt x 368.2558pt>
File: figures/apparatus/CMS_LongView_noME42.pdf Graphic file (type pdf)

<use figures/apparatus/CMS_LongView_noME42.pdf>
<figures/apparatus/CMS_Slice.png, id=606, 995.72pt x 511.9125pt>
File: figures/apparatus/CMS_Slice.png Graphic file (type png)

<use figures/apparatus/CMS_Slice.png>
<figures/apparatus/ParticleInCMS_0009_Becoming_Charged.png, id=608, 1203.49625p
t x 701.62125pt>
File: figures/apparatus/ParticleInCMS_0009_Becoming_Charged.png Graphic file (t
ype png)

<use figures/apparatus/ParticleInCMS_0009_Becoming_Charged.png>
! pdfTeX warning (ext4): destination with the same identifier (name{page.16}) h
as been already used, duplicate ignored
<to be read again> 
                   \penalty 
l.123 \end{figure}
                   [16] [17 <./figures/apparatus/CMS_LongView_noME42.pdf>]
[18 <./figures/apparatus/CMS_Slice.png>]
<figures/apparatus/ParticleInCMS_0000_HSCP-(becoming-neutral).png, id=643, 1202
.4925pt x 701.62125pt>
File: figures/apparatus/ParticleInCMS_0000_HSCP-(becoming-neutral).png Graphic 
file (type png)

<use figures/apparatus/ParticleInCMS_0000_HSCP-(becoming-neutral).png> [19 <./f
igures/apparatus/ParticleInCMS_0009_Becoming_Charged.png>] [20 <./figures/appar
atus/ParticleInCMS_0000_HSCP-(becoming-neutral).png>] [21] [22] [23] [24])
(./timing.tex [25]
CHAPTER 4.
[26

] [27] <figures/timing/CathodeTime.pdf, id=691, 569.12625pt x 385.44pt>
File: figures/timing/CathodeTime.pdf Graphic file (type pdf)

<use figures/timing/CathodeTime.pdf>
<figures/timing/AnodeTime.pdf, id=693, 569.12625pt x 385.44pt>
File: figures/timing/AnodeTime.pdf Graphic file (type pdf)

<use figures/timing/AnodeTime.pdf>
<figures/timing/CathodeTimeLog.pdf, id=695, 569.12625pt x 385.44pt>
File: figures/timing/CathodeTimeLog.pdf Graphic file (type pdf)

<use figures/timing/CathodeTimeLog.pdf>
<figures/timing/AnodeTimeLog.pdf, id=697, 569.12625pt x 385.44pt>
File: figures/timing/AnodeTimeLog.pdf Graphic file (type pdf)

<use figures/timing/AnodeTimeLog.pdf> [28] [29 <./figures/timing/CathodeTime.pd
f, page is rotated 90 degrees> <./figures/timing/AnodeTime.pdf, page is rotated
 90 degrees> <./figures/timing/CathodeTimeLog.pdf, page is rotated 90 degrees> 
<./figures/timing/AnodeTimeLog.pdf, page is rotated 90 degrees>]
<figures/timing/StripAndWireSegmentTime.pdf, id=889, 569.12625pt x 546.04pt>
File: figures/timing/StripAndWireSegmentTime.pdf Graphic file (type pdf)

<use figures/timing/StripAndWireSegmentTime.pdf>
<figures/timing/StripAndWireSegmentTimeLog.pdf, id=890, 569.12625pt x 546.04pt>
File: figures/timing/StripAndWireSegmentTimeLog.pdf Graphic file (type pdf)
<use figures/timing/StripAndWireSegmentTimeLog.pdf> [30 <./figures/timing/Strip
AndWireSegmentTime.pdf, page is rotated 90 degrees> <./figures/timing/StripAndW
ireSegmentTimeLog.pdf, page is rotated 90 degrees>] [31]
<figures/timing/ME11_Anode_vs_all3.pdf, id=991, 569.12625pt x 385.44pt>
File: figures/timing/ME11_Anode_vs_all3.pdf Graphic file (type pdf)

<use figures/timing/ME11_Anode_vs_all3.pdf>
<figures/timing/ME11_Anode_vs_TF_all.pdf, id=993, 569.12625pt x 385.44pt>
File: figures/timing/ME11_Anode_vs_TF_all.pdf Graphic file (type pdf)

<use figures/timing/ME11_Anode_vs_TF_all.pdf>
<figures/timing/Ring1_not11_Anode_vs_all3.pdf, id=995, 569.12625pt x 385.44pt>
File: figures/timing/Ring1_not11_Anode_vs_all3.pdf Graphic file (type pdf)

<use figures/timing/Ring1_not11_Anode_vs_all3.pdf>
<figures/timing/Ring1_not11_Anode_vs_TF_all.pdf, id=997, 569.12625pt x 385.44pt
>
File: figures/timing/Ring1_not11_Anode_vs_TF_all.pdf Graphic file (type pdf)
 <use figures/timing/Ring1_not11_Anode_vs_TF_all.pdf>
<figures/timing/Ring2_Anode_vs_all3.pdf, id=999, 569.12625pt x 385.44pt>
File: figures/timing/Ring2_Anode_vs_all3.pdf Graphic file (type pdf)

<use figures/timing/Ring2_Anode_vs_all3.pdf>
<figures/timing/Ring2_Anode_vs_TF_all.pdf, id=1001, 569.12625pt x 385.44pt>
File: figures/timing/Ring2_Anode_vs_TF_all.pdf Graphic file (type pdf)

<use figures/timing/Ring2_Anode_vs_TF_all.pdf> [32] [33 <./figures/timing/ME11_
Anode_vs_all3.pdf, page is rotated 90 degrees> <./figures/timing/ME11_Anode_vs_
TF_all.pdf, page is rotated 90 degrees> <./figures/timing/Ring1_not11_Anode_vs_
all3.pdf, page is rotated 90 degrees> <./figures/timing/Ring1_not11_Anode_vs_TF
_all.pdf, page is rotated 90 degrees> <./figures/timing/Ring2_Anode_vs_all3.pdf
, page is rotated 90 degrees> <./figures/timing/Ring2_Anode_vs_TF_all.pdf, page
 is rotated 90 degrees>]
<figures/timing/average_anodes.pdf, id=1284, 569.12625pt x 546.04pt>
File: figures/timing/average_anodes.pdf Graphic file (type pdf)

<use figures/timing/average_anodes.pdf> [34]
<figures/timing/ALCT_Bx.pdf, id=1292, 569.12625pt x 546.04pt>
File: figures/timing/ALCT_Bx.pdf Graphic file (type pdf)

<use figures/timing/ALCT_Bx.pdf> [35 <./figures/timing/average_anodes.pdf, page
 is rotated 90 degrees>] [36 <./figures/timing/ALCT_Bx.pdf, page is rotated 90 
degrees>] [37] [38] <figures/timing/TOF.pdf, id=1419, 569.12625pt x 546.04pt>
File: figures/timing/TOF.pdf Graphic file (type pdf)

<use figures/timing/TOF.pdf>
<figures/timing/TOFLog.pdf, id=1420, 569.12625pt x 546.04pt>
File: figures/timing/TOFLog.pdf Graphic file (type pdf)

<use figures/timing/TOFLog.pdf>
<figures/timing/TOFErr.pdf, id=1421, 569.12625pt x 546.04pt>
File: figures/timing/TOFErr.pdf Graphic file (type pdf)

<use figures/timing/TOFErr.pdf>
<figures/timing/TOFNDof.pdf, id=1422, 569.12625pt x 546.04pt>
File: figures/timing/TOFNDof.pdf Graphic file (type pdf)

<use figures/timing/TOFNDof.pdf>
<figures/timing/TOFQual.pdf, id=1423, 569.12625pt x 546.04pt>
File: figures/timing/TOFQual.pdf Graphic file (type pdf)

<use figures/timing/TOFQual.pdf>
<figures/timing/TOFQualLog.pdf, id=1424, 569.12625pt x 546.04pt>
File: figures/timing/TOFQualLog.pdf Graphic file (type pdf)

<use figures/timing/TOFQualLog.pdf>
<figures/timing/TOFVsEta.pdf, id=1425, 569.12625pt x 546.04pt>
File: figures/timing/TOFVsEta.pdf Graphic file (type pdf)

<use figures/timing/TOFVsEta.pdf>
<figures/timing/TOFVsPt.pdf, id=1426, 569.12625pt x 546.04pt>
File: figures/timing/TOFVsPt.pdf Graphic file (type pdf)

<use figures/timing/TOFVsPt.pdf> [39] [40 <./figures/timing/TOF.pdf, page is ro
tated 90 degrees> <./figures/timing/TOFLog.pdf, page is rotated 90 degrees> <./
figures/timing/TOFErr.pdf, page is rotated 90 degrees> <./figures/timing/TOFNDo
f.pdf, page is rotated 90 degrees>] [41 <./figures/timing/TOFQual.pdf, page is 
rotated 90 degrees> <./figures/timing/TOFQualLog.pdf, page is rotated 90 degree
s> <./figures/timing/TOFVsEta.pdf, page is rotated 90 degrees> <./figures/timin
g/TOFVsPt.pdf, page is rotated 90 degrees>]
<figures/timing/Vertex.pdf, id=1793, 569.12625pt x 546.04pt>
File: figures/timing/Vertex.pdf Graphic file (type pdf)

<use figures/timing/Vertex.pdf>
<figures/timing/VertexLog.pdf, id=1794, 569.12625pt x 546.04pt>
File: figures/timing/VertexLog.pdf Graphic file (type pdf)

<use figures/timing/VertexLog.pdf>
<figures/timing/VertexErr.pdf, id=1795, 569.12625pt x 546.04pt>
File: figures/timing/VertexErr.pdf Graphic file (type pdf)

<use figures/timing/VertexErr.pdf>
<figures/timing/VertexNDof.pdf, id=1796, 569.12625pt x 546.04pt>
File: figures/timing/VertexNDof.pdf Graphic file (type pdf)

<use figures/timing/VertexNDof.pdf>) (./search.tex [42] [43 <./figures/timing/V
ertex.pdf, page is rotated 90 degrees> <./figures/timing/VertexLog.pdf, page is
 rotated 90 degrees> <./figures/timing/VertexErr.pdf, page is rotated 90 degree
s> <./figures/timing/VertexNDof.pdf, page is rotated 90 degrees>]
CHAPTER 5.
[44

] [45] (./samples.tex [46] [47]
<figures/muonly/Selection_Comp_Gluino_genpT.pdf, id=2052, 569.12625pt x 546.04p
t>
File: figures/muonly/Selection_Comp_Gluino_genpT.pdf Graphic file (type pdf)
 <use figures/muonly/Selection_Comp_Gluino_genpT.pdf>
<figures/muonly/Selection_Comp_Gluino_geneta.pdf, id=2053, 569.12625pt x 546.04
pt>
File: figures/muonly/Selection_Comp_Gluino_geneta.pdf Graphic file (type pdf)
 <use figures/muonly/Selection_Comp_Gluino_geneta.pdf>
<figures/muonly/Selection_Comp_Gluino_genbeta.pdf, id=2054, 569.12625pt x 546.0
4pt>
File: figures/muonly/Selection_Comp_Gluino_genbeta.pdf Graphic file (type pdf)
 <use figures/muonly/Selection_Comp_Gluino_genbeta.pdf>
<figures/muonly/Selection_Comp_Stop_genpT.pdf, id=2055, 569.12625pt x 546.04pt>
File: figures/muonly/Selection_Comp_Stop_genpT.pdf Graphic file (type pdf)
<use figures/muonly/Selection_Comp_Stop_genpT.pdf>
<figures/muonly/Selection_Comp_Stop_geneta.pdf, id=2056, 569.12625pt x 546.04pt
>
File: figures/muonly/Selection_Comp_Stop_geneta.pdf Graphic file (type pdf)
 <use figures/muonly/Selection_Comp_Stop_geneta.pdf>
<figures/muonly/Selection_Comp_Stop_genbeta.pdf, id=2057, 569.12625pt x 546.04p
t>
File: figures/muonly/Selection_Comp_Stop_genbeta.pdf Graphic file (type pdf)
 <use figures/muonly/Selection_Comp_Stop_genbeta.pdf> [48] [49 <./figures/muonl
y/Selection_Comp_Gluino_genpT.pdf, page is rotated 90 degrees> <./figures/muonl
y/Selection_Comp_Gluino_geneta.pdf, page is rotated 90 degrees> <./figures/muon
ly/Selection_Comp_Gluino_genbeta.pdf, page is rotated 90 degrees>] [50 <./figur
es/muonly/Selection_Comp_Stop_genpT.pdf, page is rotated 90 degrees> <./figures
/muonly/Selection_Comp_Stop_geneta.pdf, page is rotated 90 degrees> <./figures/
muonly/Selection_Comp_Stop_genbeta.pdf, page is rotated 90 degrees>]
<figures/muonly/Selection_Comp_GMStau_genpT.pdf, id=2342, 569.12625pt x 546.04p
t>
File: figures/muonly/Selection_Comp_GMStau_genpT.pdf Graphic file (type pdf)
 <use figures/muonly/Selection_Comp_GMStau_genpT.pdf>
<figures/muonly/Selection_Comp_GMStau_geneta.pdf, id=2343, 569.12625pt x 546.04
pt>
File: figures/muonly/Selection_Comp_GMStau_geneta.pdf Graphic file (type pdf)
 <use figures/muonly/Selection_Comp_GMStau_geneta.pdf>
<figures/muonly/Selection_Comp_GMStau_genbeta.pdf, id=2344, 569.12625pt x 546.0
4pt>
File: figures/muonly/Selection_Comp_GMStau_genbeta.pdf Graphic file (type pdf)
 <use figures/muonly/Selection_Comp_GMStau_genbeta.pdf>
<figures/muonly/Selection_Comp_PPStau_genpT.pdf, id=2345, 569.12625pt x 546.04p
t>
File: figures/muonly/Selection_Comp_PPStau_genpT.pdf Graphic file (type pdf)
 <use figures/muonly/Selection_Comp_PPStau_genpT.pdf>
<figures/muonly/Selection_Comp_PPStau_geneta.pdf, id=2346, 569.12625pt x 546.04
pt>
File: figures/muonly/Selection_Comp_PPStau_geneta.pdf Graphic file (type pdf)
 <use figures/muonly/Selection_Comp_PPStau_geneta.pdf>
<figures/muonly/Selection_Comp_PPStau_genbeta.pdf, id=2347, 569.12625pt x 546.0
4pt>
File: figures/muonly/Selection_Comp_PPStau_genbeta.pdf Graphic file (type pdf)
 <use figures/muonly/Selection_Comp_PPStau_genbeta.pdf>
<figures/muonly/Selection_Comp_DY_genpT.pdf, id=2348, 569.12625pt x 546.04pt>
File: figures/muonly/Selection_Comp_DY_genpT.pdf Graphic file (type pdf)

<use figures/muonly/Selection_Comp_DY_genpT.pdf>
<figures/muonly/Selection_Comp_DY_geneta.pdf, id=2349, 569.12625pt x 546.04pt>
File: figures/muonly/Selection_Comp_DY_geneta.pdf Graphic file (type pdf)

<use figures/muonly/Selection_Comp_DY_geneta.pdf>
<figures/muonly/Selection_Comp_DY_genbeta.pdf, id=2350, 569.12625pt x 546.04pt>
File: figures/muonly/Selection_Comp_DY_genbeta.pdf Graphic file (type pdf)
<use figures/muonly/Selection_Comp_DY_genbeta.pdf>
<figures/muonly/Selection_Comp_Signal_8TeV_PV_BS.pdf, id=2351, 569.12625pt x 54
6.04pt>
File: figures/muonly/Selection_Comp_Signal_8TeV_PV_BS.pdf Graphic file (type pd
f)
 <use figures/muonly/Selection_Comp_Signal_8TeV_PV_BS.pdf>)
(./trigger.tex [51] [52 <./figures/muonly/Selection_Comp_GMStau_genpT.pdf, page
 is rotated 90 degrees> <./figures/muonly/Selection_Comp_GMStau_geneta.pdf, pag
e is rotated 90 degrees> <./figures/muonly/Selection_Comp_GMStau_genbeta.pdf, p
age is rotated 90 degrees>] [53 <./figures/muonly/Selection_Comp_PPStau_genpT.p
df, page is rotated 90 degrees> <./figures/muonly/Selection_Comp_PPStau_geneta.
pdf, page is rotated 90 degrees> <./figures/muonly/Selection_Comp_PPStau_genbet
a.pdf, page is rotated 90 degrees>] [54 <./figures/muonly/Selection_Comp_DY_gen
pT.pdf, page is rotated 90 degrees> <./figures/muonly/Selection_Comp_DY_geneta.
pdf, page is rotated 90 degrees> <./figures/muonly/Selection_Comp_DY_genbeta.pd
f, page is rotated 90 degrees>] [55 <./figures/muonly/Selection_Comp_Signal_8Te
V_PV_BS.pdf, page is rotated 90 degrees>]
<figures/search/Gluino_8TeV_M1200_f100SystPhiMET.pdf, id=2822, 569.12625pt x 54
6.04pt>
File: figures/search/Gluino_8TeV_M1200_f100SystPhiMET.pdf Graphic file (type pd
f)
 <use figures/search/Gluino_8TeV_M1200_f100SystPhiMET.pdf>
<figures/search/Gluino_8TeV_M1200_f100SystPtMET.pdf, id=2824, 569.12625pt x 546
.04pt>
File: figures/search/Gluino_8TeV_M1200_f100SystPtMET.pdf Graphic file (type pdf
)
 <use figures/search/Gluino_8TeV_M1200_f100SystPtMET.pdf>
<figures/search/Gluino_8TeV_M1200_f100SystPtDiffMET.pdf, id=2826, 569.12625pt x
 546.04pt>
File: figures/search/Gluino_8TeV_M1200_f100SystPtDiffMET.pdf Graphic file (type
 pdf)
 <use figures/search/Gluino_8TeV_M1200_f100SystPtDiffMET.pdf>
<figures/search/Gluino_8TeV_M1200_f100SystPtEff.pdf, id=2828, 569.12625pt x 541
.02126pt>
File: figures/search/Gluino_8TeV_M1200_f100SystPtEff.pdf Graphic file (type pdf
)
 <use figures/search/Gluino_8TeV_M1200_f100SystPtEff.pdf>
<figures/search/Gluino_8TeV_M1200N_f10SystPhiMET.pdf, id=2830, 569.12625pt x 54
6.04pt>
File: figures/search/Gluino_8TeV_M1200N_f10SystPhiMET.pdf Graphic file (type pd
f)
 <use figures/search/Gluino_8TeV_M1200N_f10SystPhiMET.pdf>
<figures/search/Gluino_8TeV_M1200N_f10SystPtMET.pdf, id=2832, 569.12625pt x 546
.04pt>
File: figures/search/Gluino_8TeV_M1200N_f10SystPtMET.pdf Graphic file (type pdf
)
 <use figures/search/Gluino_8TeV_M1200N_f10SystPtMET.pdf>
<figures/search/Gluino_8TeV_M1200N_f10SystPtDiffMET.pdf, id=2834, 569.12625pt x
 546.04pt>
File: figures/search/Gluino_8TeV_M1200N_f10SystPtDiffMET.pdf Graphic file (type
 pdf)
 <use figures/search/Gluino_8TeV_M1200N_f10SystPtDiffMET.pdf>
<figures/search/Gluino_8TeV_M1200N_f10SystPtEff.pdf, id=2836, 569.12625pt x 541
.02126pt>
File: figures/search/Gluino_8TeV_M1200N_f10SystPtEff.pdf Graphic file (type pdf
)
 <use figures/search/Gluino_8TeV_M1200N_f10SystPtEff.pdf> [56]
[57 <./figures/search/Gluino_8TeV_M1200_f100SystPhiMET.pdf, page is rotated 90 
degrees> <./figures/search/Gluino_8TeV_M1200_f100SystPtMET.pdf, page is rotated
 90 degrees> <./figures/search/Gluino_8TeV_M1200_f100SystPtDiffMET.pdf, page is
 rotated 90 degrees> <./figures/search/Gluino_8TeV_M1200_f100SystPtEff.pdf, pag
e is rotated 90 degrees>] [58 <./figures/search/Gluino_8TeV_M1200N_f10SystPhiME
T.pdf, page is rotated 90 degrees> <./figures/search/Gluino_8TeV_M1200N_f10Syst
PtMET.pdf, page is rotated 90 degrees> <./figures/search/Gluino_8TeV_M1200N_f10
SystPtDiffMET.pdf, page is rotated 90 degrees> <./figures/search/Gluino_8TeV_M1
200N_f10SystPtEff.pdf, page is rotated 90 degrees>]
<figures/search/Gluino_8TeV_M1200_f10MatchedSA.pdf, id=3214, 569.12625pt x 546.
04pt>
File: figures/search/Gluino_8TeV_M1200_f10MatchedSA.pdf Graphic file (type pdf)

 <use figures/search/Gluino_8TeV_M1200_f10MatchedSA.pdf>
<figures/search/Stop_8TeV_M800MatchedSA.pdf, id=3216, 569.12625pt x 546.04pt>
File: figures/search/Stop_8TeV_M800MatchedSA.pdf Graphic file (type pdf)

<use figures/search/Stop_8TeV_M800MatchedSA.pdf> [59] [60 <./figures/search/Glu
ino_8TeV_M1200_f10MatchedSA.pdf, page is rotated 90 degrees> <./figures/search/
Stop_8TeV_M800MatchedSA.pdf, page is rotated 90 degrees>]) [61] [62]
(./variables.tex [63] [64] [65]
<figures/muonly/Selection_Comp_Signal_8TeV_InnerInvPtDiff_BS.pdf, id=3355, 569.
12625pt x 546.04pt>
File: figures/muonly/Selection_Comp_Signal_8TeV_InnerInvPtDiff_BS.pdf Graphic f
ile (type pdf)

<use figures/muonly/Selection_Comp_Signal_8TeV_InnerInvPtDiff_BS.pdf>
<figures/tkonly/SIM_Validation_Pt.pdf, id=3356, 569.12625pt x 546.04pt>
File: figures/tkonly/SIM_Validation_Pt.pdf Graphic file (type pdf)

<use figures/tkonly/SIM_Validation_Pt.pdf>) (./preselection.tex [66 <./figures/
muonly/Selection_Comp_Signal_8TeV_InnerInvPtDiff_BS.pdf, page is rotated 90 deg
rees>] [67 <./figures/tkonly/SIM_Validation_Pt.pdf, page is rotated 90 degrees>
]
<figures/muonly/Selection_Comp_8TeV_Cosmic_Eta_BS.pdf, id=3456, 569.12625pt x 5
46.04pt>
File: figures/muonly/Selection_Comp_8TeV_Cosmic_Eta_BS.pdf Graphic file (type p
df)
 <use figures/muonly/Selection_Comp_8TeV_Cosmic_Eta_BS.pdf>
<figures/muonly/Selection_Comp_8TeV_Cosmic_MatchedStations_BS.pdf, id=3458, 569
.12625pt x 546.04pt>
File: figures/muonly/Selection_Comp_8TeV_Cosmic_MatchedStations_BS.pdf Graphic 
file (type pdf)

<use figures/muonly/Selection_Comp_8TeV_Cosmic_MatchedStations_BS.pdf>
<figures/muonly/Selection_Comp_8TeV_Cosmic_nDof_BS.pdf, id=3460, 569.12625pt x 
546.04pt>
File: figures/muonly/Selection_Comp_8TeV_Cosmic_nDof_BS.pdf Graphic file (type 
pdf)
 <use figures/muonly/Selection_Comp_8TeV_Cosmic_nDof_BS.pdf>
<figures/muonly/Selection_Comp_8TeV_Cosmic_TOFError_BS.pdf, id=3462, 569.12625p
t x 546.04pt>
File: figures/muonly/Selection_Comp_8TeV_Cosmic_TOFError_BS.pdf Graphic file (t
ype pdf)
 <use figures/muonly/Selection_Comp_8TeV_Cosmic_TOFError_BS.pdf>
<figures/muonly/Selection_Comp_8TeV_Cosmic_TimeAtIP_BS.pdf, id=3464, 569.12625p
t x 546.04pt>
File: figures/muonly/Selection_Comp_8TeV_Cosmic_TimeAtIP_BS.pdf Graphic file (t
ype pdf)
 <use figures/muonly/Selection_Comp_8TeV_Cosmic_TimeAtIP_BS.pdf>
<figures/muonly/Selection_Comp_8TeV_Cosmic_Dxy_BS.pdf, id=3466, 569.12625pt x 5
46.04pt>
File: figures/muonly/Selection_Comp_8TeV_Cosmic_Dxy_BS.pdf Graphic file (type p
df)
 <use figures/muonly/Selection_Comp_8TeV_Cosmic_Dxy_BS.pdf>
<figures/muonly/Selection_Comp_8TeV_Cosmic_Dz_BS.pdf, id=3468, 569.12625pt x 54
6.04pt>
File: figures/muonly/Selection_Comp_8TeV_Cosmic_Dz_BS.pdf Graphic file (type pd
f)
 <use figures/muonly/Selection_Comp_8TeV_Cosmic_Dz_BS.pdf>
<figures/muonly/Selection_Comp_8TeV_Cosmic_Phi_BS.pdf, id=3470, 569.12625pt x 5
46.04pt>
File: figures/muonly/Selection_Comp_8TeV_Cosmic_Phi_BS.pdf Graphic file (type p
df)
 <use figures/muonly/Selection_Comp_8TeV_Cosmic_Phi_BS.pdf>
<figures/muonly/Selection_Comp_8TeV_Cosmic_SegMinEtaSep_BS.pdf, id=3472, 569.12
625pt x 546.04pt>
File: figures/muonly/Selection_Comp_8TeV_Cosmic_SegMinEtaSep_BS.pdf Graphic fil
e (type pdf)

<use figures/muonly/Selection_Comp_8TeV_Cosmic_SegMinEtaSep_BS.pdf>
<figures/tkmu/Selection_Comp_8TeV_GMStau_NOH_BS.pdf, id=3474, 569.12625pt x 546
.04pt>
File: figures/tkmu/Selection_Comp_8TeV_GMStau_NOH_BS.pdf Graphic file (type pdf
)
 <use figures/tkmu/Selection_Comp_8TeV_GMStau_NOH_BS.pdf>
<figures/tkmu/Selection_Comp_8TeV_GMStau_NOPH_BS.pdf, id=3476, 569.12625pt x 54
6.04pt>
File: figures/tkmu/Selection_Comp_8TeV_GMStau_NOPH_BS.pdf Graphic file (type pd
f)
 <use figures/tkmu/Selection_Comp_8TeV_GMStau_NOPH_BS.pdf>
<figures/tkmu/Selection_Comp_8TeV_GMStau_NOHFraction_BS.pdf, id=3478, 569.12625
pt x 546.04pt>
File: figures/tkmu/Selection_Comp_8TeV_GMStau_NOHFraction_BS.pdf Graphic file (
type pdf)

<use figures/tkmu/Selection_Comp_8TeV_GMStau_NOHFraction_BS.pdf>
<figures/tkmu/Selection_Comp_8TeV_GMStau_NOM_BS.pdf, id=3480, 569.12625pt x 546
.04pt>
File: figures/tkmu/Selection_Comp_8TeV_GMStau_NOM_BS.pdf Graphic file (type pdf
)
 <use figures/tkmu/Selection_Comp_8TeV_GMStau_NOM_BS.pdf> [68]
<figures/tkmu/Selection_Comp_8TeV_GMStau_Pterr_BS.pdf, id=3491, 569.12625pt x 5
46.04pt>
File: figures/tkmu/Selection_Comp_8TeV_GMStau_Pterr_BS.pdf Graphic file (type p
df)
 <use figures/tkmu/Selection_Comp_8TeV_GMStau_Pterr_BS.pdf>
<figures/tkmu/Selection_Comp_8TeV_GMStau_Chi2_BS.pdf, id=3493, 569.12625pt x 54
6.04pt>
File: figures/tkmu/Selection_Comp_8TeV_GMStau_Chi2_BS.pdf Graphic file (type pd
f)
 <use figures/tkmu/Selection_Comp_8TeV_GMStau_Chi2_BS.pdf>
<figures/tkmu/Selection_Comp_8TeV_GMStau_Dxy_BS.pdf, id=3495, 569.12625pt x 546
.04pt>
File: figures/tkmu/Selection_Comp_8TeV_GMStau_Dxy_BS.pdf Graphic file (type pdf
)
 <use figures/tkmu/Selection_Comp_8TeV_GMStau_Dxy_BS.pdf>
<figures/tkmu/Selection_Comp_8TeV_GMStau_Dz_BS.pdf, id=3497, 569.12625pt x 546.
04pt>
File: figures/tkmu/Selection_Comp_8TeV_GMStau_Dz_BS.pdf Graphic file (type pdf)

 <use figures/tkmu/Selection_Comp_8TeV_GMStau_Dz_BS.pdf> [69 <./figures/muonly/
Selection_Comp_8TeV_Cosmic_Eta_BS.pdf, page is rotated 90 degrees> <./figures/m
uonly/Selection_Comp_8TeV_Cosmic_MatchedStations_BS.pdf, page is rotated 90 deg
rees>] [70 <./figures/muonly/Selection_Comp_8TeV_Cosmic_nDof_BS.pdf, page is ro
tated 90 degrees> <./figures/muonly/Selection_Comp_8TeV_Cosmic_TOFError_BS.pdf,
 page is rotated 90 degrees> <./figures/muonly/Selection_Comp_8TeV_Cosmic_TimeA
tIP_BS.pdf, page is rotated 90 degrees>] [71 <./figures/muonly/Selection_Comp_8
TeV_Cosmic_Dxy_BS.pdf, page is rotated 90 degrees> <./figures/muonly/Selection_
Comp_8TeV_Cosmic_Dz_BS.pdf, page is rotated 90 degrees> <./figures/muonly/Selec
tion_Comp_8TeV_Cosmic_Phi_BS.pdf, page is rotated 90 degrees> <./figures/muonly
/Selection_Comp_8TeV_Cosmic_SegMinEtaSep_BS.pdf, page is rotated 90 degrees>] [
72 <./figures/tkmu/Selection_Comp_8TeV_GMStau_NOH_BS.pdf, page is rotated 90 de
grees> <./figures/tkmu/Selection_Comp_8TeV_GMStau_NOPH_BS.pdf, page is rotated 
90 degrees> <./figures/tkmu/Selection_Comp_8TeV_GMStau_NOHFraction_BS.pdf, page
 is rotated 90 degrees> <./figures/tkmu/Selection_Comp_8TeV_GMStau_NOM_BS.pdf, 
page is rotated 90 degrees>] [73 <./figures/tkmu/Selection_Comp_8TeV_GMStau_Pte
rr_BS.pdf, page is rotated 90 degrees> <./figures/tkmu/Selection_Comp_8TeV_GMSt
au_Chi2_BS.pdf, page is rotated 90 degrees> <./figures/tkmu/Selection_Comp_8TeV
_GMStau_Dxy_BS.pdf, page is rotated 90 degrees> <./figures/tkmu/Selection_Comp_
8TeV_GMStau_Dz_BS.pdf, page is rotated 90 degrees>]
<figures/tkmu/Selection_Comp_8TeV_GMStau_IsolT_BS.pdf, id=4288, 569.12625pt x 5
46.04pt>
File: figures/tkmu/Selection_Comp_8TeV_GMStau_IsolT_BS.pdf Graphic file (type p
df)
 <use figures/tkmu/Selection_Comp_8TeV_GMStau_IsolT_BS.pdf>
<figures/tkmu/Selection_Comp_8TeV_GMStau_IsolE_BS.pdf, id=4290, 569.12625pt x 5
46.04pt>
File: figures/tkmu/Selection_Comp_8TeV_GMStau_IsolE_BS.pdf Graphic file (type p
df)
 <use figures/tkmu/Selection_Comp_8TeV_GMStau_IsolE_BS.pdf>
<figures/tkmu/Selection_Comp_8TeV_GMStau_TOFError_BS.pdf, id=4292, 569.12625pt 
x 546.04pt>
File: figures/tkmu/Selection_Comp_8TeV_GMStau_TOFError_BS.pdf Graphic file (typ
e pdf)
 <use figures/tkmu/Selection_Comp_8TeV_GMStau_TOFError_BS.pdf>
<figures/tkmu/Selection_Comp_8TeV_GMStau_nDof_BS.pdf, id=4294, 569.12625pt x 54
6.04pt>
File: figures/tkmu/Selection_Comp_8TeV_GMStau_nDof_BS.pdf Graphic file (type pd
f)
 <use figures/tkmu/Selection_Comp_8TeV_GMStau_nDof_BS.pdf>
Overfull \hbox (15.5526pt too wide) in paragraph at lines 142--150
[]\OT1/cmr/m/n/12 The \OT1/cmr/m/it/12 mul-ti-ple charge \OT1/cmr/m/n/12 anal-y
-sis ap-plies the same se-lec-tion cri-te-ria as the \OT1/cmr/m/it/12 muon+trac
k
 []


<figures/multi/Selection_Comp_8TeV_DY_QG_NOM_BS.pdf, id=4296, 569.12625pt x 546
.04pt>
File: figures/multi/Selection_Comp_8TeV_DY_QG_NOM_BS.pdf Graphic file (type pdf
)
 <use figures/multi/Selection_Comp_8TeV_DY_QG_NOM_BS.pdf> [74] [75 <./figures/t
kmu/Selection_Comp_8TeV_GMStau_IsolT_BS.pdf, page is rotated 90 degrees> <./fig
ures/tkmu/Selection_Comp_8TeV_GMStau_IsolE_BS.pdf, page is rotated 90 degrees> 
<./figures/tkmu/Selection_Comp_8TeV_GMStau_TOFError_BS.pdf, page is rotated 90 
degrees> <./figures/tkmu/Selection_Comp_8TeV_GMStau_nDof_BS.pdf, page is rotate
d 90 degrees>] [76 <./figures/multi/Selection_Comp_8TeV_DY_QG_NOM_BS.pdf, page 
is rotated 90 degrees>] [77] [78]
<figures/muonly/Selection_Comp_8TeV_Cosmic_Pt_BS.pdf, id=4552, 569.12625pt x 54
6.04pt>
File: figures/muonly/Selection_Comp_8TeV_Cosmic_Pt_BS.pdf Graphic file (type pd
f)
 <use figures/muonly/Selection_Comp_8TeV_Cosmic_Pt_BS.pdf>
<figures/muonly/Selection_Comp_8TeV_Cosmic_TOF_BS.pdf, id=4554, 569.12625pt x 5
46.04pt>
File: figures/muonly/Selection_Comp_8TeV_Cosmic_TOF_BS.pdf Graphic file (type p
df)
 <use figures/muonly/Selection_Comp_8TeV_Cosmic_TOF_BS.pdf>
<figures/tkmu/Selection_Comp_8TeV_GMStau_Pt_BS.pdf, id=4556, 569.12625pt x 546.
04pt>
File: figures/tkmu/Selection_Comp_8TeV_GMStau_Pt_BS.pdf Graphic file (type pdf)

 <use figures/tkmu/Selection_Comp_8TeV_GMStau_Pt_BS.pdf>
<figures/tkmu/Selection_Comp_8TeV_GMStau_TOF_BS.pdf, id=4558, 569.12625pt x 546
.04pt>
File: figures/tkmu/Selection_Comp_8TeV_GMStau_TOF_BS.pdf Graphic file (type pdf
)
 <use figures/tkmu/Selection_Comp_8TeV_GMStau_TOF_BS.pdf>
<figures/tkmu/Selection_Comp_8TeV_GMStau_Is_BS.pdf, id=4560, 569.12625pt x 546.
04pt>
File: figures/tkmu/Selection_Comp_8TeV_GMStau_Is_BS.pdf Graphic file (type pdf)

 <use figures/tkmu/Selection_Comp_8TeV_GMStau_Is_BS.pdf>
<figures/tkmu/Selection_Comp_8TeV_GMStau_Im_BS.pdf, id=4562, 569.12625pt x 546.
04pt>
File: figures/tkmu/Selection_Comp_8TeV_GMStau_Im_BS.pdf Graphic file (type pdf)

 <use figures/tkmu/Selection_Comp_8TeV_GMStau_Im_BS.pdf> [79] [80 <./figures/mu
only/Selection_Comp_8TeV_Cosmic_Pt_BS.pdf, page is rotated 90 degrees> <./figur
es/muonly/Selection_Comp_8TeV_Cosmic_TOF_BS.pdf, page is rotated 90 degrees>] [
81 <./figures/tkmu/Selection_Comp_8TeV_GMStau_Pt_BS.pdf, page is rotated 90 deg
rees> <./figures/tkmu/Selection_Comp_8TeV_GMStau_TOF_BS.pdf, page is rotated 90
 degrees> <./figures/tkmu/Selection_Comp_8TeV_GMStau_Is_BS.pdf, page is rotated
 90 degrees> <./figures/tkmu/Selection_Comp_8TeV_GMStau_Im_BS.pdf, page is rota
ted 90 degrees>] [82]
<figures/muonly/FitCanvasDataPtBin0.pdf, id=4854, 569.12625pt x 385.44pt>
File: figures/muonly/FitCanvasDataPtBin0.pdf Graphic file (type pdf)

<use figures/muonly/FitCanvasDataPtBin0.pdf>
<figures/muonly/FitCanvasMCEtaBin6.pdf, id=4855, 569.12625pt x 385.44pt>
File: figures/muonly/FitCanvasMCEtaBin6.pdf Graphic file (type pdf)

<use figures/muonly/FitCanvasMCEtaBin6.pdf>
<figures/muonly/pteff_Comp.pdf, id=4856, 569.12625pt x 546.04pt>
File: figures/muonly/pteff_Comp.pdf Graphic file (type pdf)

<use figures/muonly/pteff_Comp.pdf>
<figures/muonly/etaeff_Comp.pdf, id=4858, 569.12625pt x 546.04pt>
File: figures/muonly/etaeff_Comp.pdf Graphic file (type pdf)

<use figures/muonly/etaeff_Comp.pdf>
<figures/muonly/PVeff_Comp.pdf, id=4860, 569.12625pt x 546.04pt>
File: figures/muonly/PVeff_Comp.pdf Graphic file (type pdf)

<use figures/muonly/PVeff_Comp.pdf>) (./background.tex [83] [84 <./figures/muon
ly/FitCanvasDataPtBin0.pdf, page is rotated 90 degrees>] [85 <./figures/muonly/
FitCanvasMCEtaBin6.pdf, page is rotated 90 degrees>] [86 <./figures/muonly/ptef
f_Comp.pdf, page is rotated 90 degrees> <./figures/muonly/etaeff_Comp.pdf, page
 is rotated 90 degrees> <./figures/muonly/PVeff_Comp.pdf, page is rotated 90 de
grees>] [87] [88] [89]
<figures/muonly/Selection_Data8TeV_Pt_Binned_BS.pdf, id=5124, 569.12625pt x 546
.04pt>
File: figures/muonly/Selection_Data8TeV_Pt_Binned_BS.pdf Graphic file (type pdf
)
 <use figures/muonly/Selection_Data8TeV_Pt_Binned_BS.pdf>
<figures/muonly/Selection_Data8TeV_TOF_Binned_BS.pdf, id=5126, 569.12625pt x 54
6.04pt>
File: figures/muonly/Selection_Data8TeV_TOF_Binned_BS.pdf Graphic file (type pd
f)
 <use figures/muonly/Selection_Data8TeV_TOF_Binned_BS.pdf>
<figures/muonly/Control_Data8TeV_Pt_TOFSpectrum_Binned_0.pdf, id=5128, 569.1262
5pt x 546.04pt>
File: figures/muonly/Control_Data8TeV_Pt_TOFSpectrum_Binned_0.pdf Graphic file 
(type pdf)

<use figures/muonly/Control_Data8TeV_Pt_TOFSpectrum_Binned_0.pdf>
<figures/muonly/Control_Data8TeV_Pt_TOFSpectrum_Binned_3.pdf, id=5130, 569.1262
5pt x 546.04pt>
File: figures/muonly/Control_Data8TeV_Pt_TOFSpectrum_Binned_3.pdf Graphic file 
(type pdf)

<use figures/muonly/Control_Data8TeV_Pt_TOFSpectrum_Binned_3.pdf>
<figures/muonly/Control_Data8TeV_Pt_TOFSpectrum_Binned_1.pdf, id=5132, 569.1262
5pt x 546.04pt>
File: figures/muonly/Control_Data8TeV_Pt_TOFSpectrum_Binned_1.pdf Graphic file 
(type pdf)

<use figures/muonly/Control_Data8TeV_Pt_TOFSpectrum_Binned_1.pdf>
<figures/muonly/Control_Data8TeV_Pt_TOFSpectrum_Binned_4.pdf, id=5134, 569.1262
5pt x 546.04pt>
File: figures/muonly/Control_Data8TeV_Pt_TOFSpectrum_Binned_4.pdf Graphic file 
(type pdf)

<use figures/muonly/Control_Data8TeV_Pt_TOFSpectrum_Binned_4.pdf>
<figures/muonly/Control_Data8TeV_Pt_TOFSpectrum_Binned_2.pdf, id=5136, 569.1262
5pt x 546.04pt>
File: figures/muonly/Control_Data8TeV_Pt_TOFSpectrum_Binned_2.pdf Graphic file 
(type pdf)

<use figures/muonly/Control_Data8TeV_Pt_TOFSpectrum_Binned_2.pdf>
<figures/muonly/Control_Data8TeV_Pt_TOFSpectrum_Binned_5.pdf, id=5138, 569.1262
5pt x 546.04pt>
File: figures/muonly/Control_Data8TeV_Pt_TOFSpectrum_Binned_5.pdf Graphic file 
(type pdf)

<use figures/muonly/Control_Data8TeV_Pt_TOFSpectrum_Binned_5.pdf> [90] [91 <./f
igures/muonly/Selection_Data8TeV_Pt_Binned_BS.pdf, page is rotated 90 degrees> 
<./figures/muonly/Selection_Data8TeV_TOF_Binned_BS.pdf, page is rotated 90 degr
ees>] [92 <./figures/muonly/Control_Data8TeV_Pt_TOFSpectrum_Binned_0.pdf, page 
is rotated 90 degrees> <./figures/muonly/Control_Data8TeV_Pt_TOFSpectrum_Binned
_3.pdf, page is rotated 90 degrees> <./figures/muonly/Control_Data8TeV_Pt_TOFSp
ectrum_Binned_1.pdf, page is rotated 90 degrees> <./figures/muonly/Control_Data
8TeV_Pt_TOFSpectrum_Binned_4.pdf, page is rotated 90 degrees>] [93 <./figures/m
uonly/Control_Data8TeV_Pt_TOFSpectrum_Binned_2.pdf, page is rotated 90 degrees>
 <./figures/muonly/Control_Data8TeV_Pt_TOFSpectrum_Binned_5.pdf, page is rotate
d 90 degrees>] [94]
<figures/muonly/Prediction_Data8TeV_NPredVsNObs_Flip.pdf, id=5534, 569.12625pt 
x 546.04pt>
File: figures/muonly/Prediction_Data8TeV_NPredVsNObs_Flip.pdf Graphic file (typ
e pdf)
 <use figures/muonly/Prediction_Data8TeV_NPredVsNObs_Flip.pdf>
<figures/muonly/Data8TeVCollisionPrediction_TOF110.pdf, id=5536, 569.12625pt x 
546.04pt>
File: figures/muonly/Data8TeVCollisionPrediction_TOF110.pdf Graphic file (type 
pdf)
 <use figures/muonly/Data8TeVCollisionPrediction_TOF110.pdf>
<figures/muonly/Data8TeVCollisionPrediction_TOF120.pdf, id=5538, 569.12625pt x 
546.04pt>
File: figures/muonly/Data8TeVCollisionPrediction_TOF120.pdf Graphic file (type 
pdf)
 <use figures/muonly/Data8TeVCollisionPrediction_TOF120.pdf> [95 <./figures/muo
nly/Prediction_Data8TeV_NPredVsNObs_Flip.pdf, page is rotated 90 degrees>] [96 
<./figures/muonly/Data8TeVCollisionPrediction_TOF110.pdf, page is rotated 90 de
grees> <./figures/muonly/Data8TeVCollisionPrediction_TOF120.pdf, page is rotate
d 90 degrees>]
<figures/muonly/Data8TeVCollisionStat.pdf, id=5686, 569.12625pt x 546.04pt>
File: figures/muonly/Data8TeVCollisionStat.pdf Graphic file (type pdf)

<use figures/muonly/Data8TeVCollisionStat.pdf>
<figures/muonly/Data8TeVCollisionStatSyst.pdf, id=5688, 569.12625pt x 546.04pt>
File: figures/muonly/Data8TeVCollisionStatSyst.pdf Graphic file (type pdf)
<use figures/muonly/Data8TeVCollisionStatSyst.pdf>
<figures/muonly/Data8TeVCollisionSyst.pdf, id=5690, 569.12625pt x 546.04pt>
File: figures/muonly/Data8TeVCollisionSyst.pdf Graphic file (type pdf)

<use figures/muonly/Data8TeVCollisionSyst.pdf> [97] [98 <./figures/muonly/Data8
TeVCollisionStat.pdf, page is rotated 90 degrees> <./figures/muonly/Data8TeVCol
lisionStatSyst.pdf, page is rotated 90 degrees> <./figures/muonly/Data8TeVColli
sionSyst.pdf, page is rotated 90 degrees>]
<figures/tkmu/Control_Data8TeV_Pt_TOFSpectrum.pdf, id=5841, 569.12625pt x 546.0
4pt>
File: figures/tkmu/Control_Data8TeV_Pt_TOFSpectrum.pdf Graphic file (type pdf)
 <use figures/tkmu/Control_Data8TeV_Pt_TOFSpectrum.pdf>
<figures/tkmu/Control_Data8TeV_Is_TOFSpectrumLog.pdf, id=5843, 569.12625pt x 54
6.04pt>
File: figures/tkmu/Control_Data8TeV_Is_TOFSpectrumLog.pdf Graphic file (type pd
f)
 <use figures/tkmu/Control_Data8TeV_Is_TOFSpectrumLog.pdf>
<figures/tkmu/Control_Data8TeV_Pt_IsSpectrum.pdf, id=5845, 569.12625pt x 546.04
pt>
File: figures/tkmu/Control_Data8TeV_Pt_IsSpectrum.pdf Graphic file (type pdf)
 <use figures/tkmu/Control_Data8TeV_Pt_IsSpectrum.pdf>
<figures/tkmu/Pred_Flip_I010_Pt55_Data8TeV.pdf, id=5847, 569.12625pt x 546.04pt
>
File: figures/tkmu/Pred_Flip_I010_Pt55_Data8TeV.pdf Graphic file (type pdf)
 <use figures/tkmu/Pred_Flip_I010_Pt55_Data8TeV.pdf>
<figures/tkmu/Pred_Flip_I020_Pt85_Data8TeV.pdf, id=5849, 569.12625pt x 546.04pt
>
File: figures/tkmu/Pred_Flip_I020_Pt85_Data8TeV.pdf Graphic file (type pdf)
 <use figures/tkmu/Pred_Flip_I020_Pt85_Data8TeV.pdf> [99] [100 <./figures/tkmu/
Control_Data8TeV_Pt_TOFSpectrum.pdf, page is rotated 90 degrees> <./figures/tkm
u/Control_Data8TeV_Is_TOFSpectrumLog.pdf, page is rotated 90 degrees> <./figure
s/tkmu/Control_Data8TeV_Pt_IsSpectrum.pdf, page is rotated 90 degrees>]
[101 <./figures/tkmu/Pred_Flip_I010_Pt55_Data8TeV.pdf, page is rotated 90 degre
es> <./figures/tkmu/Pred_Flip_I020_Pt85_Data8TeV.pdf, page is rotated 90 degree
s>]
<figures/tkmu/Selection_Data8TeV_EtaRegionsPtTOF_016.pdf, id=6091, 569.12625pt 
x 546.04pt>
File: figures/tkmu/Selection_Data8TeV_EtaRegionsPtTOF_016.pdf Graphic file (typ
e pdf)
 <use figures/tkmu/Selection_Data8TeV_EtaRegionsPtTOF_016.pdf>
<figures/tkmu/Selection_Data8TeV_EtaRegionsTOFdEdx_016.pdf, id=6093, 569.12625p
t x 546.04pt>
File: figures/tkmu/Selection_Data8TeV_EtaRegionsTOFdEdx_016.pdf Graphic file (t
ype pdf)
 <use figures/tkmu/Selection_Data8TeV_EtaRegionsTOFdEdx_016.pdf>
<figures/tkmu/Selection_Data8TeV_EtaRegionsPtdEdx_016.pdf, id=6095, 569.12625pt
 x 546.04pt>
File: figures/tkmu/Selection_Data8TeV_EtaRegionsPtdEdx_016.pdf Graphic file (ty
pe pdf)
 <use figures/tkmu/Selection_Data8TeV_EtaRegionsPtdEdx_016.pdf>
[102] [103 <./figures/tkmu/Selection_Data8TeV_EtaRegionsPtTOF_016.pdf, page is 
rotated 90 degrees> <./figures/tkmu/Selection_Data8TeV_EtaRegionsTOFdEdx_016.pd
f, page is rotated 90 degrees> <./figures/tkmu/Selection_Data8TeV_EtaRegionsPtd
Edx_016.pdf, page is rotated 90 degrees>] [104]
<figures/tkmu/RescaleNoRatio_Mass_Flip_8TeV_LooseNoSMMC.pdf, id=6249, 504.88625
pt x 569.12625pt>
File: figures/tkmu/RescaleNoRatio_Mass_Flip_8TeV_LooseNoSMMC.pdf Graphic file (
type pdf)

<use figures/tkmu/RescaleNoRatio_Mass_Flip_8TeV_LooseNoSMMC.pdf>
<figures/tkmu/RescaleNoRatio_Mass_Flip_8TeV_TightNoSMMC.pdf, id=6251, 504.88625
pt x 569.12625pt>
File: figures/tkmu/RescaleNoRatio_Mass_Flip_8TeV_TightNoSMMC.pdf Graphic file (
type pdf)

<use figures/tkmu/RescaleNoRatio_Mass_Flip_8TeV_TightNoSMMC.pdf> [105 <./figure
s/tkmu/RescaleNoRatio_Mass_Flip_8TeV_LooseNoSMMC.pdf> <./figures/tkmu/RescaleNo
Ratio_Mass_Flip_8TeV_TightNoSMMC.pdf>]
<figures/tkmu/Systematics_Data8TeV_TOF_Value.pdf, id=6348, 569.12625pt x 546.04
pt>
File: figures/tkmu/Systematics_Data8TeV_TOF_Value.pdf Graphic file (type pdf)
 <use figures/tkmu/Systematics_Data8TeV_TOF_Value.pdf>
<figures/tkmu/Systematics_Data8TeV_P_Value.pdf, id=6350, 569.12625pt x 546.04pt
>
File: figures/tkmu/Systematics_Data8TeV_P_Value.pdf Graphic file (type pdf)
 <use figures/tkmu/Systematics_Data8TeV_P_Value.pdf>
<figures/tkmu/Systematics_Data8TeV_I_Value.pdf, id=6352, 569.12625pt x 546.04pt
>
File: figures/tkmu/Systematics_Data8TeV_I_Value.pdf Graphic file (type pdf)
 <use figures/tkmu/Systematics_Data8TeV_I_Value.pdf>
<figures/tkmu/Systematics_Data8TeV_pT_Stat.pdf, id=6354, 569.12625pt x 546.04pt
>
File: figures/tkmu/Systematics_Data8TeV_pT_Stat.pdf Graphic file (type pdf)
 <use figures/tkmu/Systematics_Data8TeV_pT_Stat.pdf>
<figures/tkmu/Systematics_Data8TeV_pT_Sum.pdf, id=6356, 569.12625pt x 546.04pt>
File: figures/tkmu/Systematics_Data8TeV_pT_Sum.pdf Graphic file (type pdf)
<use figures/tkmu/Systematics_Data8TeV_pT_Sum.pdf>
<figures/tkmu/Systematics_Data8TeV_pT_Syst.pdf, id=6358, 569.12625pt x 546.04pt
>
File: figures/tkmu/Systematics_Data8TeV_pT_Syst.pdf Graphic file (type pdf)
 <use figures/tkmu/Systematics_Data8TeV_pT_Syst.pdf> [106] [107 <./figures/tkmu
/Systematics_Data8TeV_TOF_Value.pdf, page is rotated 90 degrees> <./figures/tkm
u/Systematics_Data8TeV_P_Value.pdf, page is rotated 90 degrees> <./figures/tkmu
/Systematics_Data8TeV_I_Value.pdf, page is rotated 90 degrees>] [108 <./figures
/tkmu/Systematics_Data8TeV_pT_Stat.pdf, page is rotated 90 degrees> <./figures/
tkmu/Systematics_Data8TeV_pT_Sum.pdf, page is rotated 90 degrees> <./figures/tk
mu/Systematics_Data8TeV_pT_Syst.pdf, page is rotated 90 degrees>]
<figures/multi/Prediction_Data8TeV_NPredVsNObs_Flip.pdf, id=6646, 569.12625pt x
 546.04pt>
File: figures/multi/Prediction_Data8TeV_NPredVsNObs_Flip.pdf Graphic file (type
 pdf)
 <use figures/multi/Prediction_Data8TeV_NPredVsNObs_Flip.pdf>
<figures/multi/Data8TeVCollisionPrediction_TOF105.pdf, id=6648, 569.12625pt x 5
46.04pt>
File: figures/multi/Data8TeVCollisionPrediction_TOF105.pdf Graphic file (type p
df)
 <use figures/multi/Data8TeVCollisionPrediction_TOF105.pdf>
<figures/multi/Data8TeVCollisionPrediction_TOF115.pdf, id=6650, 569.12625pt x 5
46.04pt>
File: figures/multi/Data8TeVCollisionPrediction_TOF115.pdf Graphic file (type p
df)
 <use figures/multi/Data8TeVCollisionPrediction_TOF115.pdf> [109]
<figures/multi/Data8TeVCollisionStat.pdf, id=6663, 569.12625pt x 546.04pt>
File: figures/multi/Data8TeVCollisionStat.pdf Graphic file (type pdf)

<use figures/multi/Data8TeVCollisionStat.pdf>
<figures/multi/Data8TeVCollisionStatSyst.pdf, id=6665, 569.12625pt x 546.04pt>
File: figures/multi/Data8TeVCollisionStatSyst.pdf Graphic file (type pdf)

<use figures/multi/Data8TeVCollisionStatSyst.pdf>
<figures/multi/Data8TeVCollisionSyst.pdf, id=6667, 569.12625pt x 546.04pt>
File: figures/multi/Data8TeVCollisionSyst.pdf Graphic file (type pdf)

<use figures/multi/Data8TeVCollisionSyst.pdf>) (./stat.tex [110 <./figures/mult
i/Prediction_Data8TeV_NPredVsNObs_Flip.pdf, page is rotated 90 degrees>]
[111 <./figures/multi/Data8TeVCollisionPrediction_TOF105.pdf, page is rotated 9
0 degrees> <./figures/multi/Data8TeVCollisionPrediction_TOF115.pdf, page is rot
ated 90 degrees>] [112 <./figures/multi/Data8TeVCollisionStat.pdf, page is rota
ted 90 degrees> <./figures/multi/Data8TeVCollisionStatSyst.pdf, page is rotated
 90 degrees> <./figures/multi/Data8TeVCollisionSyst.pdf, page is rotated 90 deg
rees>]) (./optimization.tex [113]
<figures/muonly/Prediction_Data8TeV_NPredVsNObs.pdf, id=6973, 569.12625pt x 546
.04pt>
File: figures/muonly/Prediction_Data8TeV_NPredVsNObs.pdf Graphic file (type pdf
)
 <use figures/muonly/Prediction_Data8TeV_NPredVsNObs.pdf>
<figures/tkmu/Prediction_Data8TeV_NPredVsNObs.pdf, id=6975, 569.12625pt x 546.0
4pt>
File: figures/tkmu/Prediction_Data8TeV_NPredVsNObs.pdf Graphic file (type pdf)
 <use figures/tkmu/Prediction_Data8TeV_NPredVsNObs.pdf>
<figures/tkonly/Prediction_Data8TeV_NPredVsNObs.pdf, id=6977, 569.12625pt x 546
.04pt>
File: figures/tkonly/Prediction_Data8TeV_NPredVsNObs.pdf Graphic file (type pdf
)
 <use figures/tkonly/Prediction_Data8TeV_NPredVsNObs.pdf>
<figures/multi/Prediction_Data8TeV_NPredVsNObs.pdf, id=6979, 569.12625pt x 546.
04pt>
File: figures/multi/Prediction_Data8TeV_NPredVsNObs.pdf Graphic file (type pdf)

 <use figures/multi/Prediction_Data8TeV_NPredVsNObs.pdf>
<figures/tkmu/RescaleNoRatio_Mass_8TeV_LooseNoSMMC.pdf, id=6981, 569.12625pt x 
546.04pt>
File: figures/tkmu/RescaleNoRatio_Mass_8TeV_LooseNoSMMC.pdf Graphic file (type 
pdf)
 <use figures/tkmu/RescaleNoRatio_Mass_8TeV_LooseNoSMMC.pdf>
<figures/tkonly/RescaleNoRatio_Mass_8TeV_LooseNoSMMC.pdf, id=6983, 569.12625pt 
x 546.04pt>
File: figures/tkonly/RescaleNoRatio_Mass_8TeV_LooseNoSMMC.pdf Graphic file (typ
e pdf)
 <use figures/tkonly/RescaleNoRatio_Mass_8TeV_LooseNoSMMC.pdf>
[114] [115 <./figures/muonly/Prediction_Data8TeV_NPredVsNObs.pdf, page is rotat
ed 90 degrees> <./figures/tkmu/Prediction_Data8TeV_NPredVsNObs.pdf, page is rot
ated 90 degrees> <./figures/tkonly/Prediction_Data8TeV_NPredVsNObs.pdf, page is
 rotated 90 degrees> <./figures/multi/Prediction_Data8TeV_NPredVsNObs.pdf, page
 is rotated 90 degrees>] [116 <./figures/tkmu/RescaleNoRatio_Mass_8TeV_LooseNoS
MMC.pdf, page is rotated 90 degrees> <./figures/tkonly/RescaleNoRatio_Mass_8TeV
_LooseNoSMMC.pdf, page is rotated 90 degrees>] [117] [118]
<figures/tkmu/RescaleNoRatio_Mass_8TeV_TightNoSMMC.pdf, id=7281, 569.12625pt x 
546.04pt>
File: figures/tkmu/RescaleNoRatio_Mass_8TeV_TightNoSMMC.pdf Graphic file (type 
pdf)
 <use figures/tkmu/RescaleNoRatio_Mass_8TeV_TightNoSMMC.pdf>
<figures/tkonly/RescaleNoRatio_Mass_8TeV_TightNoSMMC.pdf, id=7283, 569.12625pt 
x 546.04pt>
File: figures/tkonly/RescaleNoRatio_Mass_8TeV_TightNoSMMC.pdf Graphic file (typ
e pdf)
 <use figures/tkonly/RescaleNoRatio_Mass_8TeV_TightNoSMMC.pdf>)
(./systematics.tex [119] [120 <./figures/tkmu/RescaleNoRatio_Mass_8TeV_TightNoS
MMC.pdf, page is rotated 90 degrees> <./figures/tkonly/RescaleNoRatio_Mass_8TeV
_TightNoSMMC.pdf, page is rotated 90 degrees>] [121] [122] [123] [124]
<figures/muonly/MoGluino_f100Uncertainty.pdf, id=7416, 569.12625pt x 546.04pt>
File: figures/muonly/MoGluino_f100Uncertainty.pdf Graphic file (type pdf)

<use figures/muonly/MoGluino_f100Uncertainty.pdf>
<figures/muonly/MoGluino_f50Uncertainty.pdf, id=7418, 569.12625pt x 546.04pt>
File: figures/muonly/MoGluino_f50Uncertainty.pdf Graphic file (type pdf)

<use figures/muonly/MoGluino_f50Uncertainty.pdf>
<figures/muonly/MoGluino_f10Uncertainty.pdf, id=7420, 569.12625pt x 546.04pt>
File: figures/muonly/MoGluino_f10Uncertainty.pdf Graphic file (type pdf)

<use figures/muonly/MoGluino_f10Uncertainty.pdf>
<figures/muonly/MoStopUncertainty.pdf, id=7422, 569.12625pt x 546.04pt>
File: figures/muonly/MoStopUncertainty.pdf Graphic file (type pdf)

<use figures/muonly/MoStopUncertainty.pdf>
<figures/tkmu/MuGMStauUncertainty.pdf, id=7424, 569.12625pt x 546.04pt>
File: figures/tkmu/MuGMStauUncertainty.pdf Graphic file (type pdf)

<use figures/tkmu/MuGMStauUncertainty.pdf>
<figures/tkmu/MuPPStauUncertainty.pdf, id=7426, 569.12625pt x 546.04pt>
File: figures/tkmu/MuPPStauUncertainty.pdf Graphic file (type pdf)

<use figures/tkmu/MuPPStauUncertainty.pdf>
<figures/tkmu/MuGluino_f50Uncertainty.pdf, id=7428, 569.12625pt x 546.04pt>
File: figures/tkmu/MuGluino_f50Uncertainty.pdf Graphic file (type pdf)

<use figures/tkmu/MuGluino_f50Uncertainty.pdf>
<figures/tkmu/MuGluino_f10Uncertainty.pdf, id=7430, 569.12625pt x 546.04pt>
File: figures/tkmu/MuGluino_f10Uncertainty.pdf Graphic file (type pdf)

<use figures/tkmu/MuGluino_f10Uncertainty.pdf>
<figures/tkmu/MuStopUncertainty.pdf, id=7432, 569.12625pt x 546.04pt>
File: figures/tkmu/MuStopUncertainty.pdf Graphic file (type pdf)

<use figures/tkmu/MuStopUncertainty.pdf>
<figures/tkonly/TkGluinoN_f10Uncertainty.pdf, id=7434, 569.12625pt x 546.04pt>
File: figures/tkonly/TkGluinoN_f10Uncertainty.pdf Graphic file (type pdf)

<use figures/tkonly/TkGluinoN_f10Uncertainty.pdf>
<figures/tkonly/TkStopNUncertainty.pdf, id=7436, 569.12625pt x 546.04pt>
File: figures/tkonly/TkStopNUncertainty.pdf Graphic file (type pdf)

<use figures/tkonly/TkStopNUncertainty.pdf>
<figures/multi/HQDY_Q4Uncertainty.pdf, id=7438, 569.12625pt x 546.04pt>
File: figures/multi/HQDY_Q4Uncertainty.pdf Graphic file (type pdf)

<use figures/multi/HQDY_Q4Uncertainty.pdf>
<figures/multi/HQDY_Q7Uncertainty.pdf, id=7440, 569.12625pt x 546.04pt>
File: figures/multi/HQDY_Q7Uncertainty.pdf Graphic file (type pdf)

<use figures/multi/HQDY_Q7Uncertainty.pdf>
<figures/muonly/MOUncertainty.pdf, id=7442, 569.12625pt x 546.04pt>
File: figures/muonly/MOUncertainty.pdf Graphic file (type pdf)

<use figures/muonly/MOUncertainty.pdf>
<figures/tkmu/MuUncertainty.pdf, id=7444, 569.12625pt x 546.04pt>
File: figures/tkmu/MuUncertainty.pdf Graphic file (type pdf)

<use figures/tkmu/MuUncertainty.pdf>
<figures/tkonly/TkUncertainty.pdf, id=7446, 569.12625pt x 546.04pt>
File: figures/tkonly/TkUncertainty.pdf Graphic file (type pdf)

<use figures/tkonly/TkUncertainty.pdf>
<figures/multi/HQUncertainty.pdf, id=7448, 569.12625pt x 546.04pt>
File: figures/multi/HQUncertainty.pdf Graphic file (type pdf)

<use figures/multi/HQUncertainty.pdf>) (./results.tex
<figures/muonly/MOExclusionLog.pdf, id=7450, 569.12625pt x 546.04pt>
File: figures/muonly/MOExclusionLog.pdf Graphic file (type pdf)

<use figures/muonly/MOExclusionLog.pdf>
<figures/tkmu/MuExclusionLog.pdf, id=7452, 569.12625pt x 546.04pt>
File: figures/tkmu/MuExclusionLog.pdf Graphic file (type pdf)

<use figures/tkmu/MuExclusionLog.pdf>
<figures/tkonly/TkExclusionLog.pdf, id=7454, 569.12625pt x 546.04pt>
File: figures/tkonly/TkExclusionLog.pdf Graphic file (type pdf)

<use figures/tkonly/TkExclusionLog.pdf>
<figures/multi/HQExclusionLog.pdf, id=7456, 569.12625pt x 546.04pt>
File: figures/multi/HQExclusionLog.pdf Graphic file (type pdf)

<use figures/multi/HQExclusionLog.pdf> [125]
<figures/muonly/MOExclusionRelLog.pdf, id=7470, 569.12625pt x 546.04pt>
File: figures/muonly/MOExclusionRelLog.pdf Graphic file (type pdf)

<use figures/muonly/MOExclusionRelLog.pdf>
<figures/tkmu/MuExclusionRelLog.pdf, id=7472, 569.12625pt x 546.04pt>
File: figures/tkmu/MuExclusionRelLog.pdf Graphic file (type pdf)

<use figures/tkmu/MuExclusionRelLog.pdf>
<figures/tkonly/TkExclusionRelLog.pdf, id=7474, 569.12625pt x 546.04pt>
File: figures/tkonly/TkExclusionRelLog.pdf Graphic file (type pdf)

<use figures/tkonly/TkExclusionRelLog.pdf>
<figures/multi/HQExclusionRelLog.pdf, id=7476, 569.12625pt x 546.04pt>
File: figures/multi/HQExclusionRelLog.pdf Graphic file (type pdf)

<use figures/multi/HQExclusionRelLog.pdf> [126] [127] [128]
Overfull \hbox (0.25673pt too wide) in alignment at lines 125--136
 [] [] [] [] [] [] [] 
 []


Overfull \hbox (0.25673pt too wide) in alignment at lines 136--144
 [] [] [] [] [] [] [] 
 []


Overfull \hbox (0.25673pt too wide) in alignment at lines 144--147
 [] [] [] [] [] [] [] 
 []


Overfull \hbox (0.25673pt too wide) in alignment at lines 147--148
 [] [] [] [] [] [] [] 
 []


Overfull \hbox (0.25673pt too wide) in alignment at lines 148--168
 [] [] [] [] [] [] [] 
 []


Overfull \hbox (0.25673pt too wide) in alignment at lines 168--189
 [] [] [] [] [] [] [] 
 []

[129]
Overfull \hbox (0.25673pt too wide) in alignment at lines 189--208
 [] [] [] [] [] [] [] 
 []

[130]
Overfull \hbox (0.25673pt too wide) in alignment at lines 208--220
 [] [] [] [] [] [] [] 
 []

[131] [132]
Overfull \hbox (0.25673pt too wide) in alignment at lines 226--237
 [] [] [] [] [] [] [] 
 []


Overfull \hbox (0.25673pt too wide) in alignment at lines 237--245
 [] [] [] [] [] [] [] 
 []


Overfull \hbox (0.25673pt too wide) in alignment at lines 245--248
 [] [] [] [] [] [] [] 
 []


Overfull \hbox (0.25673pt too wide) in alignment at lines 248--249
 [] [] [] [] [] [] [] 
 []


Overfull \hbox (0.25673pt too wide) in alignment at lines 249--270
 [] [] [] [] [] [] [] 
 []


Overfull \hbox (0.25673pt too wide) in alignment at lines 270--287
 [] [] [] [] [] [] [] 
 []

[133] [134] [135] [136] [137]
<figures/hscp_resultsNov2012.pdf, id=7533, 569.12625pt x 546.04pt>
File: figures/hscp_resultsNov2012.pdf Graphic file (type pdf)

<use figures/hscp_resultsNov2012.pdf>
<figures/DYhscp_resultsNov2012.pdf, id=7535, 569.12625pt x 546.04pt>
File: figures/DYhscp_resultsNov2012.pdf Graphic file (type pdf)

<use figures/DYhscp_resultsNov2012.pdf>) [138]) (./conclusion.tex [139]
[140 <./figures/muonly/MoGluino_f100Uncertainty.pdf, page is rotated 90 degrees
> <./figures/muonly/MoGluino_f50Uncertainty.pdf, page is rotated 90 degrees> <.
/figures/muonly/MoGluino_f10Uncertainty.pdf, page is rotated 90 degrees> <./fig
ures/muonly/MoStopUncertainty.pdf, page is rotated 90 degrees>] [141 <./figures
/tkmu/MuGMStauUncertainty.pdf, page is rotated 90 degrees> <./figures/tkmu/MuPP
StauUncertainty.pdf, page is rotated 90 degrees>] [142 <./figures/tkmu/MuGluino
_f50Uncertainty.pdf, page is rotated 90 degrees> <./figures/tkmu/MuGluino_f10Un
certainty.pdf, page is rotated 90 degrees> <./figures/tkmu/MuStopUncertainty.pd
f, page is rotated 90 degrees>] [143 <./figures/tkonly/TkGluinoN_f10Uncertainty
.pdf, page is rotated 90 degrees> <./figures/tkonly/TkStopNUncertainty.pdf, pag
e is rotated 90 degrees> <./figures/multi/HQDY_Q4Uncertainty.pdf, page is rotat
ed 90 degrees> <./figures/multi/HQDY_Q7Uncertainty.pdf, page is rotated 90 degr
ees>] [144 <./figures/muonly/MOUncertainty.pdf, page is rotated 90 degrees> <./
figures/tkmu/MuUncertainty.pdf, page is rotated 90 degrees> <./figures/tkonly/T
kUncertainty.pdf, page is rotated 90 degrees> <./figures/multi/HQUncertainty.pd
f, page is rotated 90 degrees>] [145 <./figures/muonly/MOExclusionLog.pdf, page
 is rotated 90 degrees> <./figures/tkmu/MuExclusionLog.pdf, page is rotated 90 
degrees> <./figures/tkonly/TkExclusionLog.pdf, page is rotated 90 degrees> <./f
igures/multi/HQExclusionLog.pdf, page is rotated 90 degrees>] [146 <./figures/m
uonly/MOExclusionRelLog.pdf, page is rotated 90 degrees> <./figures/tkmu/MuExcl
usionRelLog.pdf, page is rotated 90 degrees> <./figures/tkonly/TkExclusionRelLo
g.pdf, page is rotated 90 degrees> <./figures/multi/HQExclusionRelLog.pdf, page
 is rotated 90 degrees>] [147 <./figures/hscp_resultsNov2012.pdf, page is rotat
ed 90 degrees> <./figures/DYhscp_resultsNov2012.pdf, page is rotated 90 degrees
>]
CHAPTER 6.
[148

]) [149] (./dissertation.bbl
Underfull \hbox (badness 1484) in paragraph at lines 82--87
[]\OT1/cmr/m/n/12 CMS Col-lab-o-ra-tion.  CMS Lu-mi-nos-ity --- Pub-lic Re-sult
s.  []$\OT1/cmtt/m/n/12 https :
 []

[150

] [151]
Underfull \hbox (badness 1394) in paragraph at lines 225--228
[]\OT1/cmr/m/n/12 Matthew W. Cahill-Rowley, JoAnne L. Hewett, Ahmed Is-mail, an
d
 []

[152]) [153] (./dissertation.aux) ) 
Here is how much of TeX's memory you used:
 5355 strings out of 94501
 93855 string characters out of 1176788
 157673 words of memory out of 1000000
 7878 multiletter control sequences out of 10000+50000
 16161 words of font info for 60 fonts, out of 500000 for 2000
 580 hyphenation exceptions out of 1000
 27i,16n,36p,461b,290s stack positions out of 1500i,500n,5000p,200000b,5000s
PDF statistics:
 8832 PDF objects out of 300000
 353 named destinations out of 131072
 1843 words of extra memory for PDF output out of 65536
</usr/share/texmf/fonts/type1/bluesky/cm/cmt
t12.pfb></usr/share/texmf/fonts/type1/bluesky/cm/cmr6.pfb></usr/share/texmf/fon
ts/type1/bluesky/cm/cmsy6.pfb></usr/share/texmf/fonts/type1/bluesky/cm/cmmi6.pf
b></usr/share/texmf/fonts/type1/bluesky/symbols/msam10.pfb></usr/share/texmf/fo
nts/type1/bluesky/cm/cmex10.pfb></usr/share/texmf/fonts/type1/bluesky/cm/cmti12
.pfb></usr/share/texmf/fonts/type1/bluesky/cm/cmmi8.pfb></usr/share/texmf/fonts
/type1/bluesky/cm/cmr8.pfb></usr/share/texmf/fonts/type1/bluesky/cm/cmsy8.pfb><
/usr/share/texmf/fonts/type1/bluesky/cm/cmmi12.pfb></usr/share/texmf/fonts/type
1/bluesky/cm/cmbx12.pfb></usr/share/texmf/fonts/type1/bluesky/cm/cmcsc10.pfb></
usr/share/texmf/fonts/type1/bluesky/cm/cmsl12.pfb></usr/share/texmf/fonts/type1
/bluesky/cm/cmsy10.pfb></usr/share/texmf/fonts/type1/bluesky/cm/cmr17.pfb></usr
/share/texmf/fonts/type1/bluesky/cm/cmr12.pfb>
Output written on dissertation.pdf (170 pages, 4085266 bytes).
