\BOOKMARK [0][-]{chapter.1}{Introduction}{}
\BOOKMARK [0][-]{chapter.2}{Relevant Theoretical Issues }{}
\BOOKMARK [1][-]{section.2.1}{Introduction}{chapter.2}
\BOOKMARK [1][-]{section.2.2}{Standard Model }{chapter.2}
\BOOKMARK [1][-]{section.2.3}{Beyond Standard Model Theories and Heavy Stable Charged Particles }{chapter.2}
\BOOKMARK [0][-]{chapter.3}{Experimental Apparatus }{}
\BOOKMARK [1][-]{section.3.1}{Introduction}{chapter.3}
\BOOKMARK [1][-]{section.3.2}{Large Hadron Collider }{chapter.3}
\BOOKMARK [1][-]{section.3.3}{Compact Muon Solenoid}{chapter.3}
\BOOKMARK [0][-]{chapter.4}{Muon System Timing }{}
\BOOKMARK [1][-]{section.4.1}{Foreword}{chapter.4}
\BOOKMARK [1][-]{section.4.2}{Introduction}{chapter.4}
\BOOKMARK [1][-]{section.4.3}{CSC Hit Timing}{chapter.4}
\BOOKMARK [1][-]{section.4.4}{CSC Trigger Timing}{chapter.4}
\BOOKMARK [1][-]{section.4.5}{Muon Track Timing}{chapter.4}
\BOOKMARK [0][-]{chapter.5}{Searches for Heavy Stable Charged Particles }{}
\BOOKMARK [1][-]{section.5.1}{Foreword}{chapter.5}
\BOOKMARK [1][-]{section.5.2}{Introduction}{chapter.5}
\BOOKMARK [1][-]{section.5.3}{Samples }{chapter.5}
\BOOKMARK [1][-]{section.5.4}{Trigger }{chapter.5}
\BOOKMARK [1][-]{section.5.5}{Selection Variables }{chapter.5}
\BOOKMARK [1][-]{section.5.6}{Preselection }{chapter.5}
\BOOKMARK [1][-]{section.5.7}{Background Prediction }{chapter.5}
\BOOKMARK [1][-]{section.5.8}{Statistical Technique }{chapter.5}
\BOOKMARK [1][-]{section.5.9}{Cut Optimization }{chapter.5}
\BOOKMARK [1][-]{section.5.10}{Signal Efficiency Systematic Uncertainties }{chapter.5}
\BOOKMARK [1][-]{section.5.11}{Final Results}{chapter.5}
\BOOKMARK [1][-]{section.5.12}{Conclusion}{chapter.5}
\BOOKMARK [0][-]{chapter.6}{Conclusion }{}
\BOOKMARK [0][-]{chapter*.4}{References}{}
